2021-12-08 05:48:41 - INFO - "GET / HTTP/1.1" 200 1219
2021-12-08 05:48:41 - INFO - "GET /static/style.css HTTP/1.1" 200 648
2021-12-08 05:48:41 - INFO - "GET /favicon.ico HTTP/1.1" 200 1739
2021-12-08 06:00:53 - INFO - "GET /meals HTTP/1.1" 200 1023
2021-12-08 06:00:53 - INFO - "GET /favicon.ico HTTP/1.1" 304 0
2021-12-08 06:00:53 - INFO - "GET /meals/2 HTTP/1.1" 200 143
2021-12-08 06:03:03 - INFO - "GET /meals HTTP/1.1" 200 1023
2021-12-08 06:03:03 - INFO - "GET /favicon.ico HTTP/1.1" 304 0
2021-12-08 06:03:03 - INFO - "GET /meals HTTP/1.1" 200 1023
2021-12-08 06:04:21 - ERROR - QueryException in 0 on line 0
2021-12-08 06:04:21 - ERROR - "POST /meals HTTP/1.1" 500 981974
2021-12-08 06:06:04 - ERROR - QueryException in 0 on line 0
2021-12-08 06:06:04 - ERROR - "POST /meals HTTP/1.1" 500 981974
2021-12-08 06:06:34 - ERROR - QueryException in 0 on line 0
2021-12-08 06:06:34 - ERROR - "POST /meals HTTP/1.1" 500 981974
2021-12-08 06:07:55 - ERROR - QueryException in 0 on line 0
2021-12-08 06:07:55 - ERROR - "POST /meals HTTP/1.1" 500 981916
2021-12-08 06:09:34 - ERROR - QueryException in 0 on line 0
2021-12-08 06:09:34 - ERROR - "POST /meals HTTP/1.1" 500 981786
2021-12-08 06:10:06 - ERROR - QueryException in 0 on line 0
2021-12-08 06:10:06 - ERROR - "POST /meals HTTP/1.1" 500 981916
2021-12-08 06:11:37 - ERROR - QueryException in 0 on line 0
2021-12-08 06:11:37 - ERROR - "POST /meals HTTP/1.1" 500 981916
2021-12-08 06:12:45 - ERROR - QueryException in 0 on line 0
2021-12-08 06:12:45 - ERROR - "POST /meals HTTP/1.1" 500 981883
2021-12-08 06:15:41 - ERROR - QueryException in 0 on line 0
2021-12-08 06:15:41 - ERROR - "POST /meals HTTP/1.1" 500 981753
2021-12-08 06:16:33 - ERROR - QueryException in 0 on line 0
2021-12-08 06:16:33 - ERROR - "POST /meals HTTP/1.1" 500 981883
2021-12-08 06:16:45 - ERROR - QueryException in 0 on line 0
2021-12-08 06:16:45 - ERROR - "POST /meals HTTP/1.1" 500 981883
2021-12-08 06:17:45 - ERROR - QueryException in 0 on line 0
2021-12-08 06:17:45 - ERROR - "POST /meals HTTP/1.1" 500 981876
2021-12-08 06:22:15 - ERROR - QueryException in 0 on line 0
2021-12-08 06:22:15 - ERROR - "POST /meals HTTP/1.1" 500 981746
2021-12-08 06:26:40 - ERROR - QueryException in 0 on line 0
2021-12-08 06:26:40 - ERROR - "POST /meals HTTP/1.1" 500 981876
2021-12-08 06:31:13 - INFO - "POST /meals HTTP/1.1" 200 129
2021-12-08 06:31:13 - INFO - "GET /meals HTTP/1.1" 200 1152
2021-12-08 06:31:13 - INFO - "GET /favicon.ico HTTP/1.1" 304 0
2021-12-08 06:31:13 - INFO - "DELETE /meals/8 HTTP/1.1" 200 129
2021-12-08 06:31:13 - INFO - "GET /meals HTTP/1.1" 200 1023
